1726397603970 GET /api/lib
1726398157548 GET /api/lib
1726404048972 GET /api/lib
1726404055696 GET /
1726404057142 GET /
1726404081022 GET /api/lib
1726404097503 GET /api/lib
1726404102126 GET /
1726404112164 GET /api/lib
1726405496448 GET /api/lib
1726405556840 POST /api/lib/upload
1726405583145 POST /api/lib/upload
1726405623782 POST /api/lib/upload
1726405669319 POST /api/lib/upload
1726405682937 POST /api/lib/upload
1726405703867 POST /api/lib/upload
1726405831168 POST /api/lib/upload
1726406128387 GET /api/lib/public/img/demo.png
1726406139363 GET /public/img/demo.png
1726406256725 GET /lib
1726406270603 GET /lib/e1954ba4-b118-4b57-a2e3-603d95e5629d
1726406288695 GET /lib/e1954ba4-b118-4b57-a2e3-603d95e5629d
1726406289790 GET /lib/e1954ba4-b118-4b57-a2e3-603d95e5629d
1726406303962 GET /lib/e1954ba4-b118-4b57-a2e3-603d95e5629d
1726406310033 GET /lib
1726406318569 GET /lib/96913029-2fbb-4d0e-91bf-8eb7b7ab91f1
1726406324092 GET /lib
1726406332313 POST /lib
1726406336375 GET /lib
1726406348651 DELETE /lib/06ea7e7e-435a-4517-be3b-ee7fe5b95f68
1726406356205 GET /lib/login
1726406359133 POST /lib/login
1726406392422 GET /lib/upload
1726406399673 POST /lib/upload
1726406457798 GET /lib/public/img/demo.png
1726406463654 GET /lib/public/img
1726406463656 GET /lib/public/img/
1726406468224 GET /lib/public
1726406468225 GET /lib/public/
1726406473740 GET /lib
1726407163845 POST /lib/
1726407169833 GET /lib
1726407244395 GET /lib
1726407264104 GET /lib
1726407421032 GET /lib
1726407431576 POST /lib/
1726407435471 GET /lib
1726407453762 POST /lib/
1726407460359 GET /lib
1726407966279 GET /lib
1726407990650 POST /lib/upload/24ea9b88-9ef2-4f65-a013-91ddd2b2d1ff
1726408000978 GET /lib/24ea9b88-9ef2-4f65-a013-91ddd2b2d1ff
1726408306353 GET /lib
1726408324355 POST /lib/upload/d522ce99-1a6b-4ae9-9674-526be92eb305
1726408388714 GET /favicon.ico
1726408388718 GET /favicon.ico
1726408397109 GET /lib
1726408413931 POST /lib/upload/6172680f-d5fa-4cb7-a98d-7c2a1a1eebd3
1726408481013 GET /lib
1726408494065 GET /lib/upload/b798db51-8e6b-47bc-bbe3-4c8085e54870
1726408537974 GET /lib/upload/b798db51-8e6b-47bc-bbe3-4c8085e54870
1726408545281 POST /lib/upload/
1726408550249 POST /lib/upload
1726408566302 GET /lib
1726408589529 GET /lib
1726408605334 POST /lib/upload/12784088-2ea7-493f-941e-b9208eb8be0b
1726408640409 GET /lib
1726408650225 GET /lib/upload/a0804b97-c83c-4a32-9be3-11454c1265ba
1726408679637 GET /lib
1726408695725 POST /lib/upload/4897db30-e5c0-4499-b323-0b5377a8b0de
1726409629665 GET /lib
1726409643448 POST /lib/upload/9d4f1764-1717-45fe-96a3-0f3b54a67fdf
1726497357175 GET /lib
1726497372367 POST /lib/upload/daeb0260-dd46-41c0-a03c-5e323ee2b468
1726497410175 GET /lib
1726497422346 POST /lib/upload/bb358a62-7493-45ac-8781-d4d144fa34f4
1726498028434 GET /lib
1726498040171 POST /lib/upload/e006fb86-e549-45ae-82a5-bc2dd86e6c03
1726498051409 GET /lib
1726498383560 GET /lib
1726498395554 POST /lib/upload/ef887f32-8f7a-48a0-9879-1bfa60e8db06
1726498423027 GET /lib
1726498449395 GET /lib/ef887f32-8f7a-48a0-9879-1bfa60e8db06/download
1726498502173 GET /lib
1726498525293 GET /lib/ef887f32-8f7a-48a0-9879-1bfa60e8db06/download
1726498577592 GET /lib/ef887f32-8f7a-48a0-9879-1bfa60e8db06/download
1726498593618 GET /lib
1726498607949 POST /lib/upload/cf014720-d197-437c-bfe1-063e49582655
1726498620964 GET /lib/cf014720-d197-437c-bfe1-063e49582655/download
1726498648068 GET /lib
1726498666025 POST /lib/upload/945205cb-8027-4c83-bc41-0a3a3fb14e19
1726498700287 GET /lib/945205cb-8027-4c83-bc41-0a3a3fb14e19/download
1726498783824 GET /lib
1726498879876 GET /lib
1726498888662 POST /lib/upload
1726498898230 POST /lib/upload/
1726498966542 GET /lib
1726498985747 POST /lib/upload/
1726499038979 GET /lib
1726499048980 POST /lib/upload/
1726499174514 GET //
1726499178050 GET /
1726499184512 GET /lib
1726499195337 POST /lib/upload/
1726499340925 GET /lib
1726499354984 POST /lib/upload
1726841375026 GET /lib
1726841677170 GET /lib
1726841690998 POST /lib/upload/e4555d2a-c331-462c-bc52-faa84c6faa34
1726841698517 GET /lib
1726841720818 GET /lib
1726841995125 GET /lib
1726842007630 POST /lib/upload/a75597f4-8848-4433-b838-14f3e504c303
1726842013561 GET /lib
1726842063280 GET /lib
1726842089233 GET /lib/upload/4412641b-b018-44e0-b4e2-c3bcf0d81b6a
1726842092402 POST /lib/upload/4412641b-b018-44e0-b4e2-c3bcf0d81b6a
1726842097705 GET /lib
1726842118152 GET /lib/4412641b-b018-44e0-b4e2-c3bcf0d81b6a/download
1726842148236 GET /lib/4412641b-b018-44e0-b4e2-c3bcf0d81b6a/download
1726842162136 GET /lib
1726842179485 GET /lib/4412641b-b018-44e0-b4e2-c3bcf0d81b6a/download
1726842282423 GET /
1726842282453 GET /favicon.ico
1726842293419 GET /lib/4412641b-b018-44e0-b4e2-c3bcf0d81b6a/download
1726842400582 GET /lib/download
1726842434508 GET /lib/d
1726842435317 GET /lib/d
1726842471162 GET /lib/d
1726842517653 GET /lib
1726842531252 POST /lib
1726842551874 POST /lib/upload/fae25864-fb71-4132-9b8e-ee0fcda66282
1726842557993 GET /lib
1726842570241 DELETE /lib/ed6a064e-cfa2-403b-87ef-5d284420d50e
1726842575903 GET /lib
1726842617345 GET /lib/fae25864-fb71-4132-9b8e-ee0fcda66282/download
1726843397077 GET /lib/download
1726843407725 GET /lib/download
1726843424636 GET /lib
1726843436628 POST /lib/upload/9c420cf2-8e46-4579-9599-4cdf4657d473
1726843444711 GET /lib/download
1726843510020 GET /lib/download
1726843529092 GET /lib/download
1726843634694 GET /lib
1726843646827 POST /lib/upload/5860ec32-7a56-4508-a67b-74ed5bbe211d
1726843653426 GET /lib
1726843665851 GET /lib/5860ec32-7a56-4508-a67b-74ed5bbe211d/download
